Log file open, 04/17/18 22:00:08
LogWindows: Failed to load 'aqProf.dll' (GetLastError=126)
LogWindows: File 'aqProf.dll' does not exist
LogWindows: Failed to load 'VtuneApi.dll' (GetLastError=126)
LogWindows: File 'VtuneApi.dll' does not exist
LogWindows: Failed to load 'VtuneApi32e.dll' (GetLastError=126)
LogWindows: File 'VtuneApi32e.dll' does not exist
LogInit: Display: Running engine for game: ProjectPassionFruit
LogPlatformFile: Not using cached read wrapper
LogInit: Display: RandInit(192506795) SRandInit(192506796).
LogTaskGraph: Started task graph with 5 named threads and 14 total threads with 3 sets of task threads.
LogStats: Stats thread started at 30.859781
LogD3D11RHI: Aftermath initialized
LogPluginManager: Mounting plugin Paper2D
LogPluginManager: Mounting plugin LightPropagationVolume
LogPluginManager: Mounting plugin CodeLiteSourceCodeAccess
LogPluginManager: Mounting plugin GitSourceControl
LogPluginManager: Mounting plugin KDevelopSourceCodeAccess
LogPluginManager: Mounting plugin NullSourceCodeAccess
LogPluginManager: Mounting plugin PerforceSourceControl
LogPluginManager: Mounting plugin SubversionSourceControl
LogPluginManager: Mounting plugin UObjectPlugin
LogPluginManager: Mounting plugin VisualStudioSourceCodeAccess
LogPluginManager: Mounting plugin XCodeSourceCodeAccess
LogPluginManager: Mounting plugin AssetManagerEditor
LogPluginManager: Mounting plugin AudioCapture
LogPluginManager: Mounting plugin FacialAnimation
LogPluginManager: Mounting plugin GameplayTagsEditor
LogPluginManager: Mounting plugin MobileLauncherProfileWizard
LogPluginManager: Mounting plugin PluginBrowser
LogPluginManager: Mounting plugin SpeedTreeImporter
LogPluginManager: Mounting plugin AlembicImporter
LogPluginManager: Mounting plugin CharacterAI
LogPluginManager: Mounting plugin HTML5Networking
LogPluginManager: Mounting plugin AndroidMedia
LogPluginManager: Mounting plugin AvfMedia
LogPluginManager: Mounting plugin MediaPlayerEditor
LogPluginManager: Mounting plugin WmfMedia
LogPluginManager: Mounting plugin TcpMessaging
LogPluginManager: Mounting plugin UdpMessaging
LogPluginManager: Mounting plugin LevelSequenceEditor
LogPluginManager: Mounting plugin MatineeToLevelSequence
LogPluginManager: Mounting plugin OnlineSubsystemGooglePlay
LogPluginManager: Mounting plugin OnlineSubsystemIOS
LogPluginManager: Mounting plugin OnlineSubsystem
LogPluginManager: Mounting plugin OnlineSubsystemNull
LogPluginManager: Mounting plugin OnlineSubsystemUtils
LogPluginManager: Mounting plugin AndroidDeviceProfileSelector
LogPluginManager: Mounting plugin AndroidMoviePlayer
LogPluginManager: Mounting plugin AndroidPermission
LogPluginManager: Mounting plugin AppleMoviePlayer
LogPluginManager: Mounting plugin ArchVisCharacter
LogPluginManager: Mounting plugin CableComponent
LogPluginManager: Mounting plugin CustomMeshComponent
LogPluginManager: Mounting plugin ExampleDeviceProfileSelector
LogPluginManager: Mounting plugin GoogleCloudMessaging
LogPluginManager: Mounting plugin ImmediatePhysics
LogPluginManager: Mounting plugin IOSDeviceProfileSelector
LogPluginManager: Mounting plugin LinuxDeviceProfileSelector
LogPluginManager: Mounting plugin LocationServicesBPLibrary
LogPluginManager: Mounting plugin MobilePatchingUtils
LogPluginManager: Mounting plugin OculusVR
LogPluginManager: Mounting plugin PhysXVehicles
LogPluginManager: Mounting plugin ProceduralMeshComponent
LogPluginManager: Mounting plugin RuntimePhysXCooking
LogPluginManager: Mounting plugin SteamVR
LogPluginManager: Mounting plugin WindowsMoviePlayer
LogInit: Using libcurl 7.47.1
LogInit:  - built for x86_64-pc-win32
LogInit:  - supports SSL with OpenSSL/1.0.2g
LogInit:  - supports HTTP deflate (compression) using libz 1.2.8
LogInit:  - other features:
LogInit:      CURL_VERSION_SSL
LogInit:      CURL_VERSION_LIBZ
LogInit:      CURL_VERSION_IPV6
LogInit:      CURL_VERSION_ASYNCHDNS
LogInit:      CURL_VERSION_LARGEFILE
LogInit:      CURL_VERSION_IDN
LogInit:  CurlRequestOptions (configurable via config and command line):
LogInit:  - bVerifyPeer = false  - Libcurl will NOT verify peer certificate
LogInit:  - bUseHttpProxy = false  - Libcurl will NOT use HTTP proxy
LogInit:  - bDontReuseConnections = false  - Libcurl will reuse connections
LogInit:  - CertBundlePath = nullptr  - Libcurl will use whatever was configured at build time.
LogInit: Build: ++UE4+Release-4.17-CL-3658906
LogInit: Engine Version: 4.17.2-3658906+++UE4+Release-4.17
LogInit: Compatible Engine Version: 4.17.0-3573198+++UE4+Release-4.17
LogInit: Net CL: 3573198
LogDevObjectVersion: Number of dev versions registered: 16
LogDevObjectVersion:   Dev-Blueprints (B0D832E4-1F89-4F0D-ACCF-7EB736FD4AA2): 10
LogDevObjectVersion:   Dev-Build (E1C64328-A22C-4D53-A36C-8E866417BD8C): 0
LogDevObjectVersion:   Dev-Core (375EC13C-06E4-48FB-B500-84F0262A717E): 2
LogDevObjectVersion:   Dev-Editor (E4B068ED-F494-42E9-A231-DA0B2E46BB41): 20
LogDevObjectVersion:   Dev-Framework (CFFC743F-43B0-4480-9391-14DF171D2073): 28
LogDevObjectVersion:   Dev-Mobile (B02B49B5-BB20-44E9-A304-32B752E40360): 0
LogDevObjectVersion:   Dev-Networking (A4E4105C-59A1-49B5-A7C5-40C4547EDFEE): 0
LogDevObjectVersion:   Dev-Online (39C831C9-5AE6-47DC-9A44-9C173E1C8E7C): 0
LogDevObjectVersion:   Dev-Physics (78F01B33-EBEA-4F98-B9B4-84EACCB95AA2): 0
LogDevObjectVersion:   Dev-Platform (6631380F-2D4D-43E0-8009-CF276956A95A): 0
LogDevObjectVersion:   Dev-Rendering (12F88B9F-8875-4AFC-A67C-D90C383ABD29): 19
LogDevObjectVersion:   Dev-Sequencer (7B5AE74C-D270-4C10-A958-57980B212A5A): 4
LogDevObjectVersion:   Dev-VR (D7296918-1DD6-4BDD-9DE2-64A83CC13884): 0
LogDevObjectVersion:   Dev-LoadTimes (C2A15278-BFE7-4AFE-6C17-90FF531DF755): 1
LogDevObjectVersion:   Private-Geometry (6EACA3D4-40EC-4CC1-B786-8BED09428FC5): 1
LogDevObjectVersion:   Dev-AnimPhys (29E575DD-E0A3-4627-9D10-D276232CDCEA): 7
LogInit: Compiled (64-bit): Sep 22 2017 13:47:16
LogInit: Compiled with Visual C++: 19.00.24215.01
LogInit: Build Configuration: Development
LogInit: Branch Name: ++UE4+Release-4.17
LogInit: Command line:  
LogInit: Base directory: C:/Program Files/Epic Games/UE_4.17/Engine/Binaries/Win64/
LogInit: Installed Engine Build: 1
LogInit: Presizing for max 8388607 objects, including 0 objects not considered by GC, pre-allocating 0 bytes for permanent pool.
LogInit: Object subsystem initialized
[2018.04.17-21.00.19:327][  0]LogInit: Selected Device Profile: [Windows]
[2018.04.17-21.00.19:327][  0]LogInit: Applying CVar settings loaded from the selected device profile: [Windows]
[2018.04.17-21.00.19:596][  0]LogInit: Computer: DESKTOP-T7QNFRT
[2018.04.17-21.00.19:596][  0]LogInit: User: James
[2018.04.17-21.00.19:596][  0]LogInit: CPU Page size=4096, Cores=4
[2018.04.17-21.00.19:596][  0]LogInit: High frequency timer resolution =3.903994 MHz
[2018.04.17-21.00.19:596][  0]LogMemory: Memory total: Physical=23.9GB (24GB approx)
[2018.04.17-21.00.19:596][  0]LogMemory: Platform Memory Stats for Windows
[2018.04.17-21.00.19:596][  0]LogMemory: Process Physical Memory: 287.74 MB used, 287.74 MB peak
[2018.04.17-21.00.19:596][  0]LogMemory: Process Virtual Memory: 286.48 MB used, 286.48 MB peak
[2018.04.17-21.00.19:596][  0]LogMemory: Physical Memory: 7430.27 MB used,  17087.56 MB free, 24517.83 MB total
[2018.04.17-21.00.19:597][  0]LogMemory: Virtual Memory: 747.18 MB used,  17087.56 MB free, 134217728.00 MB total
[2018.04.17-21.00.24:141][  0]LogInit: Using OS detected language (en-GB).
[2018.04.17-21.00.24:141][  0]LogInit: Using OS detected locale (en-GB).
[2018.04.17-21.00.24:737][  0]LogTextLocalizationManager: No specific localization for 'en-GB' exists, so the 'en' localization will be used.
[2018.04.17-21.00.35:526][  0]LogD3D11RHI: D3D11 adapters:
[2018.04.17-21.00.36:044][  0]LogD3D11RHI:    0. 'NVIDIA GeForce GTX 1070' (Feature Level 11_0)
[2018.04.17-21.00.36:044][  0]LogD3D11RHI:       8088/0/12258 MB DedicatedVideo/DedicatedSystem/SharedSystem, Outputs:1, VendorId:0x10de
[2018.04.17-21.00.36:053][  0]LogD3D11RHI:    1. 'Microsoft Basic Render Driver' (Feature Level 11_0)
[2018.04.17-21.00.36:054][  0]LogD3D11RHI:       0/0/12258 MB DedicatedVideo/DedicatedSystem/SharedSystem, Outputs:0, VendorId:0x1414
[2018.04.17-21.00.36:054][  0]LogD3D11RHI: Chosen D3D11 Adapter: 0
[2018.04.17-21.00.36:081][  0]LogD3D11RHI: Creating new Direct3DDevice
[2018.04.17-21.00.36:081][  0]LogD3D11RHI:     GPU DeviceId: 0x1b81 (for the marketing name, search the web for "GPU Device Id")
[2018.04.17-21.00.36:081][  0]LogWindows: EnumDisplayDevices:
[2018.04.17-21.00.36:081][  0]LogWindows:    0. 'NVIDIA GeForce GTX 1070' (P:1 D:1)
[2018.04.17-21.00.36:082][  0]LogWindows:    1. 'NVIDIA GeForce GTX 1070' (P:0 D:0)
[2018.04.17-21.00.36:082][  0]LogWindows:    2. 'NVIDIA GeForce GTX 1070' (P:0 D:0)
[2018.04.17-21.00.36:083][  0]LogWindows:    3. 'NVIDIA GeForce GTX 1070' (P:0 D:0)
[2018.04.17-21.00.36:083][  0]LogWindows: DebugString: GetVideoDriverDetailsInvalid PrimaryIsNotTheChoosenAdapter GetVideoDriverDetailsInvalid PrimaryIsNotTheChoosenAdapter GetVideoDriverDetailsInvalid PrimaryIsNotTheChoosenAdapter GetVideoDriverDetailsInvalid PrimaryIsNotTheChoosenAdapter FoundDriverCount:0 
[2018.04.17-21.00.36:083][  0]LogD3D11RHI:     Adapter Name: NVIDIA GeForce GTX 1070
[2018.04.17-21.00.36:083][  0]LogD3D11RHI:   Driver Version: Unknown (internal:Unknown, unified:Unknown)
[2018.04.17-21.00.36:083][  0]LogD3D11RHI:      Driver Date: Unknown
[2018.04.17-21.00.36:083][  0]LogRHI: Texture pool is 1361 MB (70% of 1945 MB)
[2018.04.17-21.00.36:425][  0]LogD3D11RHI: Async texture creation enabled
[2018.04.17-21.00.37:852][  0]LogD3D11RHI: GPU Timing Frequency: 1000.000000 (Debug: 2 2)
[2018.04.17-21.00.38:134][  0]LogShaderCompilers: Guid format shader working directory is -58 characters bigger than the processId version (../../../../../../Users/James/Desktop/ProjectPassionFruit/ProjectPassionFruit/Intermediate/Shaders/WorkingDirectory/22908/).
[2018.04.17-21.00.38:135][  0]LogShaderCompilers: Cleaned the shader compiler working directory 'C:/Temp/UnrealShaderWorkingDir/A5B9F5BD4F00876CF107A7AE69F11C14/'.
[2018.04.17-21.00.38:141][  0]LogShaderCompilers: Display: Using Local Shader Compiler.
[2018.04.17-21.00.48:756][  0]LogTemp: Display: Loaded TP AllDesktopTargetPlatform
[2018.04.17-21.00.48:897][  0]LogTemp: Display: Loaded TP MacClientTargetPlatform
[2018.04.17-21.00.49:111][  0]LogTemp: Display: Loaded TP MacNoEditorTargetPlatform
[2018.04.17-21.00.49:243][  0]LogTemp: Display: Loaded TP MacServerTargetPlatform
[2018.04.17-21.00.49:524][  0]LogTemp: Display: Loaded TP MacTargetPlatform
[2018.04.17-21.00.49:626][  0]LogTemp: Display: Loaded TP WindowsClientTargetPlatform
[2018.04.17-21.00.49:862][  0]LogTemp: Display: Loaded TP WindowsNoEditorTargetPlatform
[2018.04.17-21.00.50:018][  0]LogTemp: Display: Loaded TP WindowsServerTargetPlatform
[2018.04.17-21.00.50:146][  0]LogTemp: Display: Loaded TP WindowsTargetPlatform
[2018.04.17-21.00.50:430][  0]LogTemp: Display: Loaded TP AndroidTargetPlatform
[2018.04.17-21.00.50:603][  0]LogTemp: Display: Loaded TP Android_ASTCTargetPlatform
[2018.04.17-21.00.50:786][  0]LogTemp: Display: Loaded TP Android_ATCTargetPlatform
[2018.04.17-21.00.50:977][  0]LogTemp: Display: Loaded TP Android_DXTTargetPlatform
[2018.04.17-21.00.51:097][  0]LogTemp: Display: Loaded TP Android_ETC1TargetPlatform
[2018.04.17-21.00.51:351][  0]LogTemp: Display: Loaded TP Android_ETC2TargetPlatform
[2018.04.17-21.00.51:765][  0]LogTemp: Display: Loaded TP Android_MultiTargetPlatform
[2018.04.17-21.00.51:765][  0]LogTemp: Display: Loaded TP Android_PVRTCTargetPlatform
[2018.04.17-21.00.51:881][  0]LogTemp: Display: Loaded TP HTML5TargetPlatform
[2018.04.17-21.00.52:584][  0]LogTemp: Display: Loaded TP IOSTargetPlatform
[2018.04.17-21.00.52:696][  0]LogTemp: Display: Loaded TP TVOSTargetPlatform
[2018.04.17-21.00.52:923][  0]LogTemp: Display: Loaded TP LinuxClientTargetPlatform
[2018.04.17-21.00.53:177][  0]LogTemp: Display: Loaded TP LinuxNoEditorTargetPlatform
[2018.04.17-21.00.53:422][  0]LogTemp: Display: Loaded TP LinuxServerTargetPlatform
[2018.04.17-21.00.53:672][  0]LogTemp: Display: Loaded TP LinuxTargetPlatform
[2018.04.17-21.00.53:672][  0]LogTargetPlatformManager: Display: Building Assets For Windows
[2018.04.17-21.00.58:882][  0]LogDerivedDataCache: Display: Max Cache Size: 512 MB
[2018.04.17-21.01.22:702][  0]LogDerivedDataCache: Loaded boot cache 23.77s 93MB C:/Users/James/AppData/Local/UnrealEngine/4.17/DerivedDataCache/Boot.ddc.
[2018.04.17-21.01.22:702][  0]LogDerivedDataCache: Display: Loaded Boot cache: C:/Users/James/AppData/Local/UnrealEngine/4.17/DerivedDataCache/Boot.ddc
[2018.04.17-21.01.22:703][  0]LogDerivedDataCache: FDerivedDataBackendGraph:  Pak pak cache file ../../../../../../Users/James/Desktop/ProjectPassionFruit/ProjectPassionFruit/DerivedDataCache/DDC.ddp not found, will not use a pak cache.
[2018.04.17-21.01.22:703][  0]LogDerivedDataCache: Unable to find inner node Pak for hierarchical cache Hierarchy.
[2018.04.17-21.01.22:703][  0]LogDerivedDataCache: FDerivedDataBackendGraph:  CompressedPak pak cache file ../../../../../../Users/James/Desktop/ProjectPassionFruit/ProjectPassionFruit/DerivedDataCache/Compressed.ddp not found, will not use a pak cache.
[2018.04.17-21.01.22:703][  0]LogDerivedDataCache: Unable to find inner node CompressedPak for hierarchical cache Hierarchy.
[2018.04.17-21.01.23:607][  0]LogDerivedDataCache: Display: Pak cache opened for reading ../../../Engine/DerivedDataCache/Compressed.ddp.
[2018.04.17-21.01.23:731][  0]LogDerivedDataCache: Using Local data cache path C:/Users/James/AppData/Local/UnrealEngine/Common/DerivedDataCache: Writable
[2018.04.17-21.01.23:983][  0]LogMaterial: Verifying Global Shaders for PCD3D_SM5
[2018.04.17-21.01.24:208][  0]LogSlate: Using Freetype 2.6.0
[2018.04.17-21.01.24:442][  0]LogSlate: SlateFontCache - WITH_FREETYPE: 1, WITH_HARFBUZZ: 1
[2018.04.17-21.01.24:446][  0]LogSlate: SlateFontCache - WITH_FREETYPE: 1, WITH_HARFBUZZ: 1
[2018.04.17-21.01.56:591][  0]LogAssetRegistry: FAssetRegistry took 0.1186 seconds to start up
[2018.04.17-21.01.58:978][  0]LogInit: Selected Device Profile: [Windows]
[2018.04.17-21.02.07:077][  0]LogContentStreaming: Texture pool size is 0.00 MB
[2018.04.17-21.02.12:268][  0]LogSimplygon: Simplygon DLL not present - disabling.
[2018.04.17-21.02.12:584][  0]LogMeshReduction: Using SimplygonSwarm for distributed automatic mesh merging
[2018.04.17-21.02.12:618][  0]LogMeshReduction: Using QuadricMeshReduction for automatic static mesh reduction
[2018.04.17-21.02.12:618][  0]LogMeshReduction: No automatic skeletal mesh reduction module available
[2018.04.17-21.02.12:618][  0]LogMeshReduction: No automatic mesh merging module available
[2018.04.17-21.02.12:618][  0]LogMeshMerging: No automatic mesh merging module available
[2018.04.17-21.02.22:553][  0]LogNetVersion: ProjectPassionFruit , NetCL: 3573198, EngineNetVer: 2, GameNetVer: 0 (Checksum: 1397439912)
[2018.04.17-21.02.28:296][  0]LogPackageLocalizationCache: Processed 5 localized package path(s) for 2 prioritized culture(s) in 0.173021 seconds
[2018.04.17-21.02.28:326][  0]LogUObjectArray: 35825 objects as part of root set at end of initial load.
[2018.04.17-21.02.28:326][  0]LogUObjectAllocator: 7529104 out of 0 bytes used by permanent object pool.
[2018.04.17-21.02.28:326][  0]LogUObjectArray: CloseDisregardForGC: 0/0 objects in disregard for GC pool
[2018.04.17-21.02.28:568][  0]LogInit: WinSock: version 1.1 (2.2), MaxSocks=32767, MaxUdp=65467
[2018.04.17-21.04.01:170][  0]LogTcpMessaging: Initializing TcpMessaging bridge
[2018.04.17-21.04.01:449][  0]LogUdpMessaging: Initializing bridge on interface 0.0.0.0:0 to multicast group 230.0.0.1:6666.
[2018.04.17-21.04.38:233][  0]LogTexture: Display: Building textures: T_ML_Aluminum01_N (BC5, 512X512)
[2018.04.17-21.04.39:836][  0]LogTexture: Display: Building textures: T_ML_Rubber_Blue_01_D (DXT1, 512X512)
[2018.04.17-21.04.39:836][  0]LogTexture: Display: Building textures: T_ML_Rubber_Blue_01_N (BC5, 512X512)
[2018.04.17-21.04.39:836][  0]LogTexture: Display: Building textures: UE4_Mannequin_occlusion_Mobile (DXT1, 512X512)
[2018.04.17-21.04.39:836][  0]LogTexture: Display: Building textures: UE4_Mannequin_MAT_MASKA (AutoDXT, 1024X1024)
[2018.04.17-21.04.39:836][  0]LogTexture: Display: Building textures: T_ML_Aluminum01 (DXT1, 512X512)
[2018.04.17-21.04.40:315][  0]LogTexture: Display: Building textures: UE4_Mannequin__normals (BC5, 2048X2048)
[2018.04.17-21.04.40:315][  0]LogMaterial: Missing cached shader map for material M_UE4Man_Body, compiling. 
[2018.04.17-21.04.55:236][  0]LogMaterial: Uniform references updated for custom material expression Custom.
[2018.04.17-21.05.04:779][  0]SourceControl: Source control is disabled
[2018.04.17-21.05.04:779][  0]SourceControl: Source control is disabled
[2018.04.17-21.05.05:869][  0]SourceControl: Source control is disabled
[2018.04.17-21.05.06:530][  0]SourceControl: Source control is disabled
[2018.04.17-21.05.11:302][  0]LogAndroidPermission: UAndroidPermissionCallbackProxy::GetInstance
[2018.04.17-21.05.12:620][  0]LogOcInput: OculusInput pre-init called
[2018.04.17-21.05.14:737][  0]LogEngine: Initializing Engine...
[2018.04.17-21.05.14:875][  0]LogHMD: Oculus plugin initialized. Version: 4.17.2-3658906+++UE4+Release-4.17, OVRPlugin: 1.15.0
[2018.04.17-21.05.17:747][  0]LogStats: UGameplayTagsManager::ConstructGameplayTagTree: Construct from data asset -  0.000 s
[2018.04.17-21.05.17:748][  0]LogStats: UGameplayTagsManager::ConstructGameplayTagTree: GameplayTagTreeChangedEvent.Broadcast -  0.000 s
[2018.04.17-21.05.18:985][  0]LogAIModule: Creating AISystem for world Untitled
[2018.04.17-21.05.19:713][  0]LogInit: XAudio2 using 'Speakers (Realtek High Definition Audio)' : 2 channels at 48 kHz using 16 bits per sample (channel mask 0x3)
[2018.04.17-21.05.19:836][  0]LogInit: FAudioDevice initialized.
[2018.04.17-21.05.22:248][  0]LogDerivedDataCache: Saved boot cache 2.41s 103MB C:/Users/James/AppData/Local/UnrealEngine/4.17/DerivedDataCache/Boot.ddc.
[2018.04.17-21.05.22:266][  0]LogInit: Texture streaming: Enabled
[2018.04.17-21.05.23:346][  0]LogEngineSessionManager: EngineSessionManager initialized
[2018.04.17-21.05.28:006][  0]LogInit: Transaction tracking system initialized
[2018.04.17-21.05.30:166][  0]BlueprintLog: New page: Editor Load
[2018.04.17-21.05.38:902][  0]LocalizationService: Localization service is disabled
[2018.04.17-21.05.44:658][  0]LogConsoleResponse: Display: 
[2018.04.17-21.05.53:475][  0]LogFileCache: Scanning file cache for directory 'C:/Users/James/Desktop/ProjectPassionFruit/ProjectPassionFruit/Content/' took 0.03s
[2018.04.17-21.05.53:475][  0]LogCook: Display: Max memory allowance for cook 16384mb min free memory 0mb
[2018.04.17-21.05.53:475][  0]LogCook: Display: Mobile HDR setting 1
[2018.04.17-21.05.53:569][  0]LogGameplayTags: Display: UGameplayTagsManager::DoneAddingNativeTags. DelegateIsBound: 0
[2018.04.17-21.06.04:339][  0]SourceControl: Source control is disabled
[2018.04.17-21.06.04:558][  0]Cmd: MAP LOAD FILE="../../../../../../Users/James/Desktop/ProjectPassionFruit/ProjectPassionFruit/Content/ThirdPersonCPP/Maps/ThirdPersonExampleMap.umap" TEMPLATE=0 SHOWPROGRESS=1 FEATURELEVEL=3
[2018.04.17-21.06.04:698][  0]LightingResults: New page: Lighting Build
[2018.04.17-21.06.05:245][  0]MapCheck: New page: Map Check
[2018.04.17-21.06.05:245][  0]LightingResults: New page: Lighting Build
[2018.04.17-21.06.12:291][  0]LogAIModule: Creating AISystem for world ThirdPersonExampleMap
[2018.04.17-21.06.15:088][  0]LogEditorServer: Finished looking for orphan Actors (0.000 secs)
[2018.04.17-21.06.15:505][  0]Cmd: MAP CHECKDEP NOCLEARLOG
[2018.04.17-21.06.15:600][  0]MapCheck: Map check complete: 0 Error(s), 0 Warning(s), took 94.419ms to complete.
[2018.04.17-21.06.15:600][  0]LogFileHelpers: Loading map 'ThirdPersonExampleMap' took 11.200
[2018.04.17-21.06.20:215][  0]LogCollectionManager: Loaded 0 collections in 0.003414 seconds
[2018.04.17-21.06.20:604][  0]LogFileCache: Scanning file cache for directory 'C:/Users/James/Desktop/ProjectPassionFruit/ProjectPassionFruit/Saved/Collections/' took 0.01s
[2018.04.17-21.06.20:604][  0]LogFileCache: Scanning file cache for directory 'C:/Users/James/Desktop/ProjectPassionFruit/ProjectPassionFruit/Content/Developers/James/Collections/' took 0.01s
[2018.04.17-21.06.20:604][  0]LogFileCache: Scanning file cache for directory 'C:/Users/James/Desktop/ProjectPassionFruit/ProjectPassionFruit/Content/Collections/' took 0.01s
[2018.04.17-21.06.20:604][  0]LogCollectionManager: Rebuilt the GUID cache for 0 collections in 0.000001 seconds
[2018.04.17-21.06.20:710][  0]LogContentBrowser: Native class hierarchy populated in 0.0651 seconds. Added 2388 classes and 502 folders.
[2018.04.17-21.06.21:215][  0]LogContentBrowser: Native class hierarchy updated for 'WidgetCarousel' in 0.0247 seconds. Added 0 classes and 0 folders.
[2018.04.17-21.06.25:298][  0]LogContentBrowser: Native class hierarchy updated for 'AddContentDialog' in 0.0107 seconds. Added 0 classes and 0 folders.
[2018.04.17-21.06.25:801][  0]LogContentBrowser: Native class hierarchy updated for 'SceneOutliner' in 0.0126 seconds. Added 1 classes and 2 folders.
[2018.04.17-21.06.29:253][  0]LogSlate: Took 0.033225 seconds to synchronously load lazily loaded font '../../../Engine/Content/Slate/Fonts/Roboto-Regular.ttf' (155K)
[2018.04.17-21.06.29:329][  0]LogSlate: Took 0.035774 seconds to synchronously load lazily loaded font '../../../Engine/Content/Slate/Fonts/Roboto-Bold.ttf' (160K)
[2018.04.17-21.06.29:558][  0]LogSlate: Took 0.050375 seconds to synchronously load lazily loaded font '../../../Engine/Content/Editor/Slate/Fonts/FontAwesome.ttf' (139K)
[2018.04.17-21.06.31:118][  0]LogRenderer: Reallocating scene render targets to support 1208x576 Format 10 NumSamples 1 (Frame:1).
[2018.04.17-21.06.33:785][  0]LogContentBrowser: Native class hierarchy updated for 'HierarchicalLODOutliner' in 0.0031 seconds. Added 1 classes and 2 folders.
[2018.04.17-21.06.33:785][  0]LogLoad: (Engine Initialization) Total time: 454.01 seconds
[2018.04.17-21.06.33:785][  0]LogLoad: (Engine Initialization) Total Blueprint compile time: 0.00 seconds
[2018.04.17-21.06.33:785][  0]LogExternalProfiler: Found external profiler: VSPerf
[2018.04.17-21.06.33:785][  0]LogExternalProfiler: Using external profiler: VSPerf
[2018.04.17-21.06.34:148][  0]LogOcInput: OculusInput is initialized
[2018.04.17-21.06.34:328][  0]LogContentStreaming: Texture pool size now 1000 MB
[2018.04.17-21.06.35:103][  0]LogSlate: Took 0.084701 seconds to synchronously load lazily loaded font '../../../Engine/Content/Slate/Fonts/Roboto-Light.ttf' (159K)
[2018.04.17-21.06.35:763][  2]LogAssetRegistry: Asset discovery search completed in 279.1937 seconds
[2018.04.17-21.06.35:765][  2]LogCollectionManager: Rebuilt the object cache for 0 collections in 0.000001 seconds (found 0 objects)
[2018.04.17-21.06.35:765][  2]LogCollectionManager: Fixed up redirectors for 0 collections in 0.000055 seconds (updated 0 objects)
[2018.04.17-21.06.35:777][  2]LogSlate: Took 0.000238 seconds to synchronously load lazily loaded font '../../../Engine/Content/Slate/Fonts/Roboto-Light.ttf' (159K)
[2018.04.17-21.10.47:064][484]LogSlate: Took 0.000205 seconds to synchronously load lazily loaded font '../../../Engine/Content/Slate/Fonts/Roboto-Light.ttf' (159K)
[2018.04.17-21.10.47:723][484]LogSlate: Took 0.000692 seconds to synchronously load lazily loaded font '../../../Engine/Content/Slate/Fonts/Roboto-Regular.ttf' (155K)
[2018.04.17-21.10.50:289][484]LogContentBrowser: Native class hierarchy updated for 'BlueprintGraph' in 0.0036 seconds. Added 113 classes and 0 folders.
[2018.04.17-21.10.54:261][484]LogSlate: Took 0.040106 seconds to synchronously load lazily loaded font '../../../Engine/Content/Editor/Slate/Fonts/Roboto-BoldCondensed.ttf' (158K)
[2018.04.17-21.10.55:803][485]LogSlate: Took 0.023011 seconds to synchronously load lazily loaded font '../../../Engine/Content/Editor/Slate/Fonts/Roboto-Italic.ttf' (157K)
[2018.04.17-21.11.21:724][695]PIE: Warning: Constraint in '/Engine/Transient.World_2:PersistentLevel.SwingMeDaddy_C_0.Swing' attempting to create a joint between objects that are both static.  No joint created.
[2018.04.17-21.15.53:194][982]LogRenderer: Reallocating scene render targets to support 1208x712 Format 10 NumSamples 1 (Frame:1).
[2018.04.17-21.16.28:608][814]BlueprintLog: New page: Compile ThirdPersonCharacter
[2018.04.17-21.16.28:769][814]PIE: Warning: Constraint in '/Engine/Transient.World_2:PersistentLevel.SwingMeDaddy_C_1.Swing' attempting to create a joint between objects that are both static.  No joint created.
[2018.04.17-21.16.28:774][814]LogScript: Warning: Accessed None trying to read property K2Node_DynamicCast_AsThird_Person_Character
	ThirdPerson_AnimBP_C /Game/ThirdPersonCPP/Maps/ThirdPersonExampleMap.ThirdPersonExampleMap:PersistentLevel.ThirdPersonCharacter_2.CharacterMesh0.ThirdPerson_AnimBP_C_1
	Function /Game/Mannequin/Animations/ThirdPerson_AnimBP.ThirdPerson_AnimBP_C:ExecuteUbergraph_ThirdPerson_AnimBP:00F9
[2018.04.17-21.16.28:775][814]LogScript: Warning: Accessed None trying to read property K2Node_DynamicCast_AsThird_Person_Character
	ThirdPerson_AnimBP_C /Engine/Transient.World_0:PersistentLevel.ThirdPersonCharacter_C_0.CharacterMesh0.ThirdPerson_AnimBP_C_1
	Function /Game/Mannequin/Animations/ThirdPerson_AnimBP.ThirdPerson_AnimBP_C:ExecuteUbergraph_ThirdPerson_AnimBP:00F9
[2018.04.17-21.16.28:775][814]LogScript: Warning: Accessed None trying to read property K2Node_DynamicCast_AsThird_Person_Character
	ThirdPerson_AnimBP_C /Engine/Transient.World_1:PersistentLevel.ThirdPersonCharacter_C_1.CharacterMesh0.ThirdPerson_AnimBP_C_2
	Function /Game/Mannequin/Animations/ThirdPerson_AnimBP.ThirdPerson_AnimBP_C:ExecuteUbergraph_ThirdPerson_AnimBP:00F9
[2018.04.17-21.17.21:012][813]BlueprintLog: New page: Compile SwingMeDaddy
[2018.04.17-21.17.21:398][813]PIE: Warning: Constraint in '/Engine/Transient.World_2:PersistentLevel.SwingMeDaddy_C_14.Swing' attempting to create a joint between objects that are both static.  No joint created.
[2018.04.17-21.17.29:287][748]BlueprintLog: New page: Compile SwingMeDaddy
[2018.04.17-21.17.29:668][748]PIE: Warning: Constraint in '/Engine/Transient.World_2:PersistentLevel.SwingMeDaddy_C_15.Swing' attempting to create a joint between objects that are both static.  No joint created.
[2018.04.17-21.17.30:986][903]LogTemp: Repeating last play command: Selected Viewport
[2018.04.17-21.17.31:772][903]LogBlueprintUserMessages: Early PlayInEditor Detection: Level '/Game/ThirdPersonCPP/Maps/ThirdPersonExampleMap.ThirdPersonExampleMap:PersistentLevel' has LevelScriptBlueprint '/Game/ThirdPersonCPP/Maps/ThirdPersonExampleMap.ThirdPersonExampleMap:PersistentLevel.ThirdPersonExampleMap' with GeneratedClass '/Game/ThirdPersonCPP/Maps/ThirdPersonExampleMap.ThirdPersonExampleMap_C' with ClassGeneratedBy '/Game/ThirdPersonCPP/Maps/ThirdPersonExampleMap.ThirdPersonExampleMap:PersistentLevel.ThirdPersonExampleMap'
[2018.04.17-21.17.31:772][903]LogPlayLevel: PlayLevel: No blueprints needed recompiling
[2018.04.17-21.17.31:772][903]LogHMD: Initializing OVRPlugin session
[2018.04.17-21.17.38:006][903]PIE: New page: PIE session: ThirdPersonExampleMap (17 Apr 2018 23:17:36)
[2018.04.17-21.17.38:006][903]LogPlayLevel: Creating play world package: /Game/ThirdPersonCPP/Maps/UEDPIE_0_ThirdPersonExampleMap
[2018.04.17-21.17.38:425][903]LogPlayLevel: PIE: StaticDuplicateObject took: (0.418724s)
[2018.04.17-21.17.38:426][903]LogAIModule: Creating AISystem for world ThirdPersonExampleMap
[2018.04.17-21.17.38:426][903]LogPlayLevel: PIE: World Init took: (0.001610s)
[2018.04.17-21.17.38:427][903]LogPlayLevel: PIE: Created PIE world by copying editor world from /Game/ThirdPersonCPP/Maps/ThirdPersonExampleMap.ThirdPersonExampleMap to /Game/ThirdPersonCPP/Maps/UEDPIE_0_ThirdPersonExampleMap.ThirdPersonExampleMap (0.420743s)
[2018.04.17-21.17.38:843][903]LogInit: XAudio2 using 'Speakers (Realtek High Definition Audio)' : 2 channels at 48 kHz using 16 bits per sample (channel mask 0x3)
[2018.04.17-21.17.38:876][903]LogInit: FAudioDevice initialized.
[2018.04.17-21.17.39:289][903]LogLoad: Game class is 'ProjectPassionFruitGameMode'
[2018.04.17-21.17.39:541][903]LogWorld: Bringing World /Game/ThirdPersonCPP/Maps/UEDPIE_0_ThirdPersonExampleMap.ThirdPersonExampleMap up for play (max tick rate 0) at 2018.04.17-22.17.39
[2018.04.17-21.17.39:725][903]LogWorld: Bringing up level for play took: 0.191036
[2018.04.17-21.17.40:311][903]LogContentBrowser: Native class hierarchy updated for 'MovieSceneCapture' in 0.0035 seconds. Added 11 classes and 0 folders.
[2018.04.17-21.17.40:425][903]LogScriptCore: Warning: Script Msg: Attempted to access index 0 from array 'CallFunc_GetAllActorsOfClass_OutActors' of length 0 in '/Game/ThirdPersonCPP/Blueprints/ThirdPersonCharacter.ThirdPersonCharacter_C:ExecuteUbergraph_ThirdPersonCharacter'!
[2018.04.17-21.17.40:602][903]PIE: Play in editor start time for /Game/ThirdPersonCPP/Maps/UEDPIE_0_ThirdPersonExampleMap 8.857
[2018.04.17-21.17.40:603][903]LogBlueprintUserMessages: Late PlayInEditor Detection: Level '/Game/ThirdPersonCPP/Maps/ThirdPersonExampleMap.ThirdPersonExampleMap:PersistentLevel' has LevelScriptBlueprint '/Game/ThirdPersonCPP/Maps/ThirdPersonExampleMap.ThirdPersonExampleMap:PersistentLevel.ThirdPersonExampleMap' with GeneratedClass '/Game/ThirdPersonCPP/Maps/ThirdPersonExampleMap.ThirdPersonExampleMap_C' with ClassGeneratedBy '/Game/ThirdPersonCPP/Maps/ThirdPersonExampleMap.ThirdPersonExampleMap:PersistentLevel.ThirdPersonExampleMap'
[2018.04.17-21.18.16:397][800]LogBlueprintUserMessages: Early EndPlayMap Detection: Level '/Game/ThirdPersonCPP/Maps/ThirdPersonExampleMap.ThirdPersonExampleMap:PersistentLevel' has LevelScriptBlueprint '/Game/ThirdPersonCPP/Maps/ThirdPersonExampleMap.ThirdPersonExampleMap:PersistentLevel.ThirdPersonExampleMap' with GeneratedClass '/Game/ThirdPersonCPP/Maps/ThirdPersonExampleMap.ThirdPersonExampleMap_C' with ClassGeneratedBy '/Game/ThirdPersonCPP/Maps/ThirdPersonExampleMap.ThirdPersonExampleMap:PersistentLevel.ThirdPersonExampleMap'
[2018.04.17-21.18.16:532][800]LogBlueprintUserMessages: Late EndPlayMap Detection: Level '/Game/ThirdPersonCPP/Maps/ThirdPersonExampleMap.ThirdPersonExampleMap:PersistentLevel' has LevelScriptBlueprint '/Game/ThirdPersonCPP/Maps/ThirdPersonExampleMap.ThirdPersonExampleMap:PersistentLevel.ThirdPersonExampleMap' with GeneratedClass '/Game/ThirdPersonCPP/Maps/ThirdPersonExampleMap.ThirdPersonExampleMap_C' with ClassGeneratedBy '/Game/ThirdPersonCPP/Maps/ThirdPersonExampleMap.ThirdPersonExampleMap:PersistentLevel.ThirdPersonExampleMap'
[2018.04.17-21.18.24:491][651]BlueprintLog: New page: Compile ThirdPersonCharacter
[2018.04.17-21.18.24:560][651]PIE: Warning: Constraint in '/Engine/Transient.World_2:PersistentLevel.SwingMeDaddy_C_0.Swing' attempting to create a joint between objects that are both static.  No joint created.
[2018.04.17-21.18.24:565][651]LogScript: Warning: Accessed None trying to read property K2Node_DynamicCast_AsThird_Person_Character
	ThirdPerson_AnimBP_C /Game/ThirdPersonCPP/Maps/ThirdPersonExampleMap.ThirdPersonExampleMap:PersistentLevel.ThirdPersonCharacter_2.CharacterMesh0.ThirdPerson_AnimBP_C_0
	Function /Game/Mannequin/Animations/ThirdPerson_AnimBP.ThirdPerson_AnimBP_C:ExecuteUbergraph_ThirdPerson_AnimBP:00F9
[2018.04.17-21.18.24:565][651]LogScript: Warning: Accessed None trying to read property K2Node_DynamicCast_AsThird_Person_Character
	ThirdPerson_AnimBP_C /Engine/Transient.World_0:PersistentLevel.ThirdPersonCharacter_C_0.CharacterMesh0.ThirdPerson_AnimBP_C_0
	Function /Game/Mannequin/Animations/ThirdPerson_AnimBP.ThirdPerson_AnimBP_C:ExecuteUbergraph_ThirdPerson_AnimBP:00F9
[2018.04.17-21.18.24:566][651]LogScript: Warning: Accessed None trying to read property K2Node_DynamicCast_AsThird_Person_Character
	ThirdPerson_AnimBP_C /Engine/Transient.World_0:PersistentLevel.ThirdPersonCharacter_C_4.CharacterMesh0.ThirdPerson_AnimBP_C_1
	Function /Game/Mannequin/Animations/ThirdPerson_AnimBP.ThirdPerson_AnimBP_C:ExecuteUbergraph_ThirdPerson_AnimBP:00F9
[2018.04.17-21.18.24:566][651]LogScript: Warning: Accessed None trying to read property K2Node_DynamicCast_AsThird_Person_Character
	ThirdPerson_AnimBP_C /Engine/Transient.World_1:PersistentLevel.ThirdPersonCharacter_C_1.CharacterMesh0.ThirdPerson_AnimBP_C_2
	Function /Game/Mannequin/Animations/ThirdPerson_AnimBP.ThirdPerson_AnimBP_C:ExecuteUbergraph_ThirdPerson_AnimBP:00F9
[2018.04.17-21.18.28:099][953]LogTemp: Repeating last play command: Selected Viewport
[2018.04.17-21.18.28:118][953]LogBlueprintUserMessages: Early PlayInEditor Detection: Level '/Game/ThirdPersonCPP/Maps/ThirdPersonExampleMap.ThirdPersonExampleMap:PersistentLevel' has LevelScriptBlueprint '/Game/ThirdPersonCPP/Maps/ThirdPersonExampleMap.ThirdPersonExampleMap:PersistentLevel.ThirdPersonExampleMap' with GeneratedClass '/Game/ThirdPersonCPP/Maps/ThirdPersonExampleMap.ThirdPersonExampleMap_C' with ClassGeneratedBy '/Game/ThirdPersonCPP/Maps/ThirdPersonExampleMap.ThirdPersonExampleMap:PersistentLevel.ThirdPersonExampleMap'
[2018.04.17-21.18.28:118][953]LogPlayLevel: PlayLevel: No blueprints needed recompiling
[2018.04.17-21.18.28:118][953]LogHMD: Initializing OVRPlugin session
[2018.04.17-21.18.28:140][953]PIE: New page: PIE session: ThirdPersonExampleMap (17 Apr 2018 23:18:28)
[2018.04.17-21.18.28:140][953]LogPlayLevel: Creating play world package: /Game/ThirdPersonCPP/Maps/UEDPIE_0_ThirdPersonExampleMap
[2018.04.17-21.18.28:192][953]LogPlayLevel: PIE: StaticDuplicateObject took: (0.051642s)
[2018.04.17-21.18.28:193][953]LogAIModule: Creating AISystem for world ThirdPersonExampleMap
[2018.04.17-21.18.28:194][953]LogPlayLevel: PIE: World Init took: (0.001438s)
[2018.04.17-21.18.28:194][953]LogPlayLevel: PIE: Created PIE world by copying editor world from /Game/ThirdPersonCPP/Maps/ThirdPersonExampleMap.ThirdPersonExampleMap to /Game/ThirdPersonCPP/Maps/UEDPIE_0_ThirdPersonExampleMap.ThirdPersonExampleMap (0.053555s)
[2018.04.17-21.18.28:218][953]LogInit: XAudio2 using 'Speakers (Realtek High Definition Audio)' : 2 channels at 48 kHz using 16 bits per sample (channel mask 0x3)
[2018.04.17-21.18.28:228][953]LogInit: FAudioDevice initialized.
[2018.04.17-21.18.28:262][953]LogLoad: Game class is 'ProjectPassionFruitGameMode'
[2018.04.17-21.18.28:266][953]LogWorld: Bringing World /Game/ThirdPersonCPP/Maps/UEDPIE_0_ThirdPersonExampleMap.ThirdPersonExampleMap up for play (max tick rate 0) at 2018.04.17-22.18.28
[2018.04.17-21.18.28:267][953]LogWorld: Bringing up level for play took: 0.003494
[2018.04.17-21.18.28:267][953]LogScriptCore: Warning: Script Msg: Attempted to access index 0 from array 'CallFunc_GetAllActorsOfClass_OutActors' of length 0 in '/Game/ThirdPersonCPP/Blueprints/ThirdPersonCharacter.ThirdPersonCharacter_C:ExecuteUbergraph_ThirdPersonCharacter'!
[2018.04.17-21.18.28:268][953]PIE: Play in editor start time for /Game/ThirdPersonCPP/Maps/UEDPIE_0_ThirdPersonExampleMap 0.523
[2018.04.17-21.18.28:268][953]LogBlueprintUserMessages: Late PlayInEditor Detection: Level '/Game/ThirdPersonCPP/Maps/ThirdPersonExampleMap.ThirdPersonExampleMap:PersistentLevel' has LevelScriptBlueprint '/Game/ThirdPersonCPP/Maps/ThirdPersonExampleMap.ThirdPersonExampleMap:PersistentLevel.ThirdPersonExampleMap' with GeneratedClass '/Game/ThirdPersonCPP/Maps/ThirdPersonExampleMap.ThirdPersonExampleMap_C' with ClassGeneratedBy '/Game/ThirdPersonCPP/Maps/ThirdPersonExampleMap.ThirdPersonExampleMap:PersistentLevel.ThirdPersonExampleMap'
[2018.04.17-21.18.43:852][810]LogBlueprintUserMessages: Early EndPlayMap Detection: Level '/Game/ThirdPersonCPP/Maps/ThirdPersonExampleMap.ThirdPersonExampleMap:PersistentLevel' has LevelScriptBlueprint '/Game/ThirdPersonCPP/Maps/ThirdPersonExampleMap.ThirdPersonExampleMap:PersistentLevel.ThirdPersonExampleMap' with GeneratedClass '/Game/ThirdPersonCPP/Maps/ThirdPersonExampleMap.ThirdPersonExampleMap_C' with ClassGeneratedBy '/Game/ThirdPersonCPP/Maps/ThirdPersonExampleMap.ThirdPersonExampleMap:PersistentLevel.ThirdPersonExampleMap'
[2018.04.17-21.18.43:893][810]LogBlueprintUserMessages: Late EndPlayMap Detection: Level '/Game/ThirdPersonCPP/Maps/ThirdPersonExampleMap.ThirdPersonExampleMap:PersistentLevel' has LevelScriptBlueprint '/Game/ThirdPersonCPP/Maps/ThirdPersonExampleMap.ThirdPersonExampleMap:PersistentLevel.ThirdPersonExampleMap' with GeneratedClass '/Game/ThirdPersonCPP/Maps/ThirdPersonExampleMap.ThirdPersonExampleMap_C' with ClassGeneratedBy '/Game/ThirdPersonCPP/Maps/ThirdPersonExampleMap.ThirdPersonExampleMap:PersistentLevel.ThirdPersonExampleMap'
[2018.04.17-21.19.35:363][794]LogSavePackage: Save=852.94ms
[2018.04.17-21.19.35:363][794]LogSavePackage: Moving '../../../../../../Users/James/Desktop/ProjectPassionFruit/ProjectPassionFruit/Saved/ThirdPersonExampleMap_Auto1695C58614B45450A98F7B4B6A38BC62D.tmp' to '../../../../../../Users/James/Desktop/ProjectPassionFruit/ProjectPassionFruit/Saved/Autosaves/Game/ThirdPersonCPP/Maps/ThirdPersonExampleMap_Auto1.umap'
[2018.04.17-21.19.35:653][794]LogSavePackage: Display: Finished SavePackage ../../../../../../Users/James/Desktop/ProjectPassionFruit/ProjectPassionFruit/Saved/Autosaves/Game/ThirdPersonCPP/Maps/ThirdPersonExampleMap_Auto1.umap
[2018.04.17-21.19.35:659][794]LogFileHelpers: Editor autosave (incl. sublevels) for '/Game/ThirdPersonCPP/Maps/ThirdPersonExampleMap' took 1.272
[2018.04.17-21.19.35:659][794]LogFileHelpers: Editor autosave (incl. sublevels) for all levels took 1.272
[2018.04.17-21.19.35:667][794]OBJ SavePackage: Generating thumbnails for [1] asset(s) in package [/Game/ThirdPersonCPP/Blueprints/ThirdPersonCharacter] ([1] browsable assets)...
[2018.04.17-21.19.35:704][794]OBJ SavePackage:     Rendered thumbnail for [Blueprint /Game/ThirdPersonCPP/Blueprints/ThirdPersonCharacter.ThirdPersonCharacter]
[2018.04.17-21.19.35:704][794]OBJ SavePackage: Finished generating thumbnails for package [/Game/ThirdPersonCPP/Blueprints/ThirdPersonCharacter]
[2018.04.17-21.19.35:897][794]LogSavePackage: Save=187.29ms
[2018.04.17-21.19.35:898][794]LogSavePackage: Moving '../../../../../../Users/James/Desktop/ProjectPassionFruit/ProjectPassionFruit/Saved/ThirdPersonCharacter_Auto1D12E077547FBC7F1040BC3AC3A2E856B.tmp' to '../../../../../../Users/James/Desktop/ProjectPassionFruit/ProjectPassionFruit/Saved/Autosaves/Game/ThirdPersonCPP/Blueprints/ThirdPersonCharacter_Auto1.uasset'
[2018.04.17-21.19.35:902][794]LogSavePackage: Display: Finished SavePackage ../../../../../../Users/James/Desktop/ProjectPassionFruit/ProjectPassionFruit/Saved/Autosaves/Game/ThirdPersonCPP/Blueprints/ThirdPersonCharacter_Auto1.uasset
[2018.04.17-21.19.35:906][794]OBJ SavePackage: Generating thumbnails for [1] asset(s) in package [/Game/ThirdPersonCPP/Parkour/SwingMeDaddy] ([1] browsable assets)...
[2018.04.17-21.19.35:931][794]OBJ SavePackage:     Rendered thumbnail for [Blueprint /Game/ThirdPersonCPP/Parkour/SwingMeDaddy.SwingMeDaddy]
[2018.04.17-21.19.35:931][794]OBJ SavePackage: Finished generating thumbnails for package [/Game/ThirdPersonCPP/Parkour/SwingMeDaddy]
[2018.04.17-21.19.36:074][794]LogSavePackage: Save=134.03ms
[2018.04.17-21.19.36:074][794]LogSavePackage: Moving '../../../../../../Users/James/Desktop/ProjectPassionFruit/ProjectPassionFruit/Saved/SwingMeDaddy_Auto1738E88FF4DF756E617C5C0B89DF85CA0.tmp' to '../../../../../../Users/James/Desktop/ProjectPassionFruit/ProjectPassionFruit/Saved/Autosaves/Game/ThirdPersonCPP/Parkour/SwingMeDaddy_Auto1.uasset'
[2018.04.17-21.19.36:076][794]LogSavePackage: Display: Finished SavePackage ../../../../../../Users/James/Desktop/ProjectPassionFruit/ProjectPassionFruit/Saved/Autosaves/Game/ThirdPersonCPP/Parkour/SwingMeDaddy_Auto1.uasset
[2018.04.17-21.19.36:076][794]LogFileHelpers: Auto-saving content packages took 0.412
[2018.04.17-21.20.28:940][103]LogSavePackage: Save=97.09ms
[2018.04.17-21.20.28:940][103]LogSavePackage: Moving '../../../../../../Users/James/Desktop/ProjectPassionFruit/ProjectPassionFruit/Saved/ThirdPersonCharacter7D7DE2A64D28AC76E29E67A5644EB5F2.tmp' to '../../../../../../Users/James/Desktop/ProjectPassionFruit/ProjectPassionFruit/Content/ThirdPersonCPP/Blueprints/ThirdPersonCharacter.uasset'
[2018.04.17-21.20.28:946][103]LogSavePackage: Display: Finished SavePackage ../../../../../../Users/James/Desktop/ProjectPassionFruit/ProjectPassionFruit/Content/ThirdPersonCPP/Blueprints/ThirdPersonCharacter.uasset
[2018.04.17-21.20.29:773][103]LogSavePackage: Save=686.78ms
[2018.04.17-21.20.29:773][103]LogSavePackage: Moving '../../../../../../Users/James/Desktop/ProjectPassionFruit/ProjectPassionFruit/Saved/ThirdPersonExampleMap6088D30A46E1940F0BCEDA909FB3DD47.tmp' to '../../../../../../Users/James/Desktop/ProjectPassionFruit/ProjectPassionFruit/Content/ThirdPersonCPP/Maps/ThirdPersonExampleMap.umap'
[2018.04.17-21.20.29:780][103]LogSavePackage: Display: Finished SavePackage ../../../../../../Users/James/Desktop/ProjectPassionFruit/ProjectPassionFruit/Content/ThirdPersonCPP/Maps/ThirdPersonExampleMap.umap
[2018.04.17-21.20.29:824][103]LogFileHelpers: Saving map 'ThirdPersonExampleMap' took 0.869
[2018.04.17-21.20.29:866][103]LogSavePackage: Save=29.93ms
[2018.04.17-21.20.29:866][103]LogSavePackage: Moving '../../../../../../Users/James/Desktop/ProjectPassionFruit/ProjectPassionFruit/Saved/SwingMeDaddyA134F44C4A498E79B8F7DC9C63162934.tmp' to '../../../../../../Users/James/Desktop/ProjectPassionFruit/ProjectPassionFruit/Content/ThirdPersonCPP/Parkour/SwingMeDaddy.uasset'
[2018.04.17-21.20.29:921][103]LogSavePackage: Display: Finished SavePackage ../../../../../../Users/James/Desktop/ProjectPassionFruit/ProjectPassionFruit/Content/ThirdPersonCPP/Parkour/SwingMeDaddy.uasset
[2018.04.17-21.20.30:148][103]LogActorComponent: UnregisterComponent: (/Engine/Transient.EditorFloorComp) Not registered. Aborting.
[2018.04.17-21.20.30:505][104]Cmd: QUIT_EDITOR
[2018.04.17-21.20.31:028][104]LogWindowsTextInputMethodSystem: Display: IME system now deactivated.
[2018.04.17-21.20.31:080][104]LogExit: Preparing to exit.
[2018.04.17-21.20.32:183][104]LogDirectoryWatcher: A directory notification for 'C:/Users/James/Desktop/ProjectPassionFruit/ProjectPassionFruit/Content/' was aborted.
[2018.04.17-21.20.32:214][104]LogExit: Editor shut down
[2018.04.17-21.20.32:219][104]LogExit: Transaction tracking system shut down
[2018.04.17-21.20.32:397][104]LogDirectoryWatcher: A directory notification for '../../../Engine/Content/' was aborted.
[2018.04.17-21.20.32:398][104]LogDirectoryWatcher: A directory notification for '../../../../../../Users/James/Desktop/ProjectPassionFruit/ProjectPassionFruit/Content/' was aborted.
[2018.04.17-21.20.32:398][104]LogDirectoryWatcher: A directory notification for '../../../Engine/Plugins/2D/Paper2D/Content/' was aborted.
[2018.04.17-21.20.32:398][104]LogDirectoryWatcher: A directory notification for '../../../Engine/Plugins/Runtime/Oculus/OculusVR/Content/' was aborted.
[2018.04.17-21.20.32:398][104]LogDirectoryWatcher: A directory notification for '../../../Engine/Plugins/Runtime/Steam/SteamVR/Content/' was aborted.
[2018.04.17-21.20.34:671][104]LogExit: Object subsystem successfully closed.
[2018.04.17-21.20.34:756][104]LogD3D11RHI: Shutdown
[2018.04.17-21.20.34:756][104]LogD3D11RHI: CleanupD3DDevice
[2018.04.17-21.20.34:843][104]LogD3D11RHI: ~FD3D11DynamicRHI
[2018.04.17-21.20.35:768][104]LogModuleManager: Shutting down and abandoning module MovieSceneCapture (538)
[2018.04.17-21.20.35:768][104]LogModuleManager: Shutting down and abandoning module BlueprintGraph (536)
[2018.04.17-21.20.35:768][104]LogModuleManager: Shutting down and abandoning module BlueprintProfiler (534)
[2018.04.17-21.20.35:780][104]LogModuleManager: Shutting down and abandoning module HierarchicalLODOutliner (532)
[2018.04.17-21.20.35:780][104]LogModuleManager: Shutting down and abandoning module SceneOutliner (530)
[2018.04.17-21.20.35:780][104]LogModuleManager: Shutting down and abandoning module AddContentDialog (528)
[2018.04.17-21.20.35:780][104]LogDirectoryWatcher: A directory notification for 'C:/Program Files/Epic Games/UE_4.17/FeaturePacks/' was aborted.
[2018.04.17-21.20.35:781][104]LogModuleManager: Shutting down and abandoning module WidgetCarousel (527)
[2018.04.17-21.20.35:781][104]LogModuleManager: Shutting down and abandoning module EditorWidgets (524)
[2018.04.17-21.20.35:781][104]LogModuleManager: Shutting down and abandoning module CollectionManager (522)
[2018.04.17-21.20.35:781][104]LogDirectoryWatcher: A directory notification for 'C:/Users/James/Desktop/ProjectPassionFruit/ProjectPassionFruit/Content/Collections/' was aborted.
[2018.04.17-21.20.35:781][104]LogDirectoryWatcher: A directory notification for 'C:/Users/James/Desktop/ProjectPassionFruit/ProjectPassionFruit/Content/Developers/James/Collections/' was aborted.
[2018.04.17-21.20.35:781][104]LogDirectoryWatcher: A directory notification for 'C:/Users/James/Desktop/ProjectPassionFruit/ProjectPassionFruit/Saved/Collections/' was aborted.
[2018.04.17-21.20.35:781][104]LogModuleManager: Shutting down and abandoning module StatsViewer (520)
[2018.04.17-21.20.35:781][104]LogModuleManager: Shutting down and abandoning module FoliageEdit (518)
[2018.04.17-21.20.35:781][104]LogModuleManager: Shutting down and abandoning module LandscapeEditor (516)
[2018.04.17-21.20.35:829][104]LogModuleManager: Shutting down and abandoning module MeshPaintMode (514)
[2018.04.17-21.20.35:829][104]LogModuleManager: Shutting down and abandoning module SceneDepthPickerMode (512)
[2018.04.17-21.20.35:829][104]LogModuleManager: Shutting down and abandoning module ActorPickerMode (510)
[2018.04.17-21.20.35:830][104]LogModuleManager: Shutting down and abandoning module GeometryMode (508)
[2018.04.17-21.20.35:830][104]LogModuleManager: Shutting down and abandoning module TextureAlignMode (506)
[2018.04.17-21.20.35:830][104]LogModuleManager: Shutting down and abandoning module BspMode (504)
[2018.04.17-21.20.35:830][104]LogModuleManager: Shutting down and abandoning module PIEPreviewDeviceProfileSelector (502)
[2018.04.17-21.20.35:830][104]LogModuleManager: Shutting down and abandoning module HardwareSurvey (500)
[2018.04.17-21.20.35:830][104]LogModuleManager: Shutting down and abandoning module SequenceRecorderSections (498)
[2018.04.17-21.20.35:830][104]LogModuleManager: Shutting down and abandoning module AutomationWorker (496)
[2018.04.17-21.20.35:830][104]LogModuleManager: Shutting down and abandoning module MatineeToLevelSequence (494)
[2018.04.17-21.20.35:830][104]LogModuleManager: Shutting down and abandoning module LevelSequenceEditor (492)
[2018.04.17-21.20.35:840][104]LogModuleManager: Shutting down and abandoning module PlacementMode (491)
[2018.04.17-21.20.35:840][104]LogModuleManager: Shutting down and abandoning module WmfMediaFactory (488)
[2018.04.17-21.20.35:840][104]LogModuleManager: Shutting down and abandoning module WmfMediaEditor (486)
[2018.04.17-21.20.35:840][104]LogModuleManager: Shutting down and abandoning module AvfMediaFactory (484)
[2018.04.17-21.20.35:840][104]LogModuleManager: Shutting down and abandoning module AvfMediaEditor (482)
[2018.04.17-21.20.35:840][104]LogModuleManager: Shutting down and abandoning module AndroidMediaFactory (480)
[2018.04.17-21.20.35:840][104]LogModuleManager: Shutting down and abandoning module Media (479)
[2018.04.17-21.20.35:840][104]LogModuleManager: Shutting down and abandoning module AndroidMediaEditor (476)
[2018.04.17-21.20.35:840][104]LogModuleManager: Shutting down and abandoning module CharacterAI (474)
[2018.04.17-21.20.35:840][104]LogModuleManager: Shutting down and abandoning module AudioCapture (472)
[2018.04.17-21.20.35:840][104]LogModuleManager: Shutting down and abandoning module SequenceRecorder (471)
[2018.04.17-21.20.35:840][104]LogModuleManager: Shutting down and abandoning module SmartSnapping (468)
[2018.04.17-21.20.35:840][104]LogModuleManager: Shutting down and abandoning module SessionServices (466)
[2018.04.17-21.20.35:840][104]LogModuleManager: Shutting down and abandoning module ViewportSnapping (464)
[2018.04.17-21.20.35:840][104]LogModuleManager: Shutting down and abandoning module ViewportInteraction (462)
[2018.04.17-21.20.35:840][104]LogModuleManager: Shutting down and abandoning module ClothPainter (460)
[2018.04.17-21.20.35:857][104]LogModuleManager: Shutting down and abandoning module LogVisualizer (458)
[2018.04.17-21.20.35:857][104]LogModuleManager: Shutting down and abandoning module IntroTutorials (456)
[2018.04.17-21.20.35:857][104]LogModuleManager: Shutting down and abandoning module GameProjectGeneration (455)
[2018.04.17-21.20.35:871][104]LogModuleManager: Shutting down and abandoning module IOSPlatformEditor (452)
[2018.04.17-21.20.35:871][104]LogModuleManager: Shutting down and abandoning module HTML5PlatformEditor (450)
[2018.04.17-21.20.35:871][104]LogModuleManager: Shutting down and abandoning module AndroidPlatformEditor (448)
[2018.04.17-21.20.35:871][104]LogModuleManager: Shutting down and abandoning module AndroidDeviceDetection (447)
[2018.04.17-21.20.36:331][104]LogModuleManager: Shutting down and abandoning module WindowsPlatformEditor (444)
[2018.04.17-21.20.36:331][104]LogModuleManager: Shutting down and abandoning module IOSRuntimeSettings (442)
[2018.04.17-21.20.36:331][104]LogModuleManager: Shutting down and abandoning module AndroidRuntimeSettings (440)
[2018.04.17-21.20.36:331][104]LogModuleManager: Shutting down and abandoning module InputBindingEditor (438)
[2018.04.17-21.20.36:356][104]LogModuleManager: Shutting down and abandoning module MergeActors (436)
[2018.04.17-21.20.36:366][104]LogModuleManager: Shutting down and abandoning module SizeMap (434)
[2018.04.17-21.20.36:366][104]LogModuleManager: Shutting down and abandoning module TreeMap (432)
[2018.04.17-21.20.36:366][104]LogModuleManager: Shutting down and abandoning module ReferenceViewer (430)
[2018.04.17-21.20.36:366][104]LogModuleManager: Shutting down and abandoning module LocalizationDashboard (428)
[2018.04.17-21.20.36:378][104]LogModuleManager: Shutting down and abandoning module LocalizationService (427)
[2018.04.17-21.20.36:378][104]LogModuleManager: Shutting down and abandoning module HardwareTargeting (424)
[2018.04.17-21.20.36:378][104]LogModuleManager: Shutting down and abandoning module DeviceProfileEditor (422)
[2018.04.17-21.20.36:378][104]LogModuleManager: Shutting down and abandoning module UndoHistory (420)
[2018.04.17-21.20.36:378][104]LogModuleManager: Shutting down and abandoning module XmlParser (418)
[2018.04.17-21.20.36:378][104]LogModuleManager: Shutting down and abandoning module Blutility (416)
[2018.04.17-21.20.36:378][104]LogModuleManager: Shutting down and abandoning module ProjectSettingsViewer (414)
[2018.04.17-21.20.36:378][104]LogModuleManager: Shutting down and abandoning module ProjectTargetPlatformEditor (413)
[2018.04.17-21.20.36:378][104]LogModuleManager: Shutting down and abandoning module EditorSettingsViewer (410)
[2018.04.17-21.20.36:378][104]LogModuleManager: Shutting down and abandoning module SettingsEditor (408)
[2018.04.17-21.20.36:391][104]LogModuleManager: Shutting down and abandoning module ProjectLauncher (406)
[2018.04.17-21.20.36:401][104]LogModuleManager: Shutting down and abandoning module SessionFrontend (404)
[2018.04.17-21.20.36:401][104]LogModuleManager: Shutting down and abandoning module ProfilerClient (402)
[2018.04.17-21.20.36:418][104]LogModuleManager: Shutting down and abandoning module DeviceManager (400)
[2018.04.17-21.20.36:418][104]LogModuleManager: Shutting down and abandoning module TargetDeviceServices (399)
[2018.04.17-21.20.36:472][104]LogModuleManager: Shutting down and abandoning module AutomationController (396)
[2018.04.17-21.20.36:472][104]LogModuleManager: Shutting down and abandoning module AutomationWindow (394)
[2018.04.17-21.20.36:524][104]LogModuleManager: Shutting down and abandoning module Layers (392)
[2018.04.17-21.20.36:545][104]LogModuleManager: Shutting down and abandoning module ComponentVisualizers (390)
[2018.04.17-21.20.36:545][104]LogModuleManager: Shutting down and abandoning module DetailCustomizations (388)
[2018.04.17-21.20.36:545][104]LogModuleManager: Shutting down and abandoning module PackagesDialog (386)
[2018.04.17-21.20.36:546][104]LogModuleManager: Shutting down and abandoning module Persona (384)
[2018.04.17-21.20.36:569][104]LogModuleManager: Shutting down and abandoning module AdvancedPreviewScene (383)
[2018.04.17-21.20.36:569][104]LogModuleManager: Shutting down and abandoning module AnimGraph (381)
[2018.04.17-21.20.36:569][104]LogModuleManager: Shutting down and abandoning module Kismet (378)
[2018.04.17-21.20.36:583][104]LogModuleManager: Shutting down and abandoning module ClassViewer (376)
[2018.04.17-21.20.36:583][104]LogModuleManager: Shutting down and abandoning module Toolbox (374)
[2018.04.17-21.20.36:583][104]LogModuleManager: Shutting down and abandoning module ModuleUI (372)
[2018.04.17-21.20.36:616][104]LogModuleManager: Shutting down and abandoning module MovieSceneTools (370)
[2018.04.17-21.20.36:628][104]LogModuleManager: Shutting down and abandoning module OutputLog (368)
[2018.04.17-21.20.36:628][104]LogModuleManager: Shutting down and abandoning module GammaUI (366)
[2018.04.17-21.20.36:645][104]LogModuleManager: Shutting down and abandoning module Documentation (364)
[2018.04.17-21.20.36:645][104]LogModuleManager: Shutting down and abandoning module MovieSceneTracks (362)
[2018.04.17-21.20.36:660][104]LogModuleManager: Shutting down and abandoning module MovieScene (360)
[2018.04.17-21.20.36:660][104]LogModuleManager: Shutting down and abandoning module Niagara (358)
[2018.04.17-21.20.36:660][104]LogModuleManager: Shutting down and abandoning module NiagaraEditor (357)
[2018.04.17-21.20.36:663][104]LogModuleManager: Shutting down and abandoning module StreamingPauseRendering (354)
[2018.04.17-21.20.36:663][104]LogModuleManager: Shutting down and abandoning module LauncherPlatform (352)
[2018.04.17-21.20.36:663][104]LogModuleManager: Shutting down and abandoning module AnalyticsET (350)
[2018.04.17-21.20.36:663][104]LogModuleManager: Shutting down and abandoning module PortalServices (348)
[2018.04.17-21.20.36:663][104]LogModuleManager: Shutting down and abandoning module PortalRpc (346)
[2018.04.17-21.20.36:663][104]LogModuleManager: Shutting down and abandoning module MessagingRpc (344)
[2018.04.17-21.20.36:663][104]LogModuleManager: Shutting down and abandoning module AIModule (342)
[2018.04.17-21.20.36:664][104]LogModuleManager: Shutting down and abandoning module GameplayDebugger (341)
[2018.04.17-21.20.36:664][104]LogModuleManager: Shutting down and abandoning module AITestSuite (339)
[2018.04.17-21.20.36:664][104]LogModuleManager: Shutting down and abandoning module ProfilerService (336)
[2018.04.17-21.20.36:726][104]LogModuleManager: Shutting down and abandoning module TaskGraph (334)
[2018.04.17-21.20.36:766][104]LogModuleManager: Shutting down and abandoning module SteamVRController (332)
[2018.04.17-21.20.36:766][104]LogModuleManager: Shutting down and abandoning module ProceduralMeshComponentEditor (330)
[2018.04.17-21.20.36:766][104]LogModuleManager: Shutting down and abandoning module ProceduralMeshComponent (328)
[2018.04.17-21.20.36:766][104]LogModuleManager: Shutting down and abandoning module OculusInput (326)
[2018.04.17-21.20.36:766][104]LogModuleManager: Shutting down and abandoning module MobilePatchingUtils (324)
[2018.04.17-21.20.36:766][104]LogModuleManager: Shutting down and abandoning module CustomMeshComponent (322)
[2018.04.17-21.20.36:766][104]LogModuleManager: Shutting down and abandoning module CableComponent (320)
[2018.04.17-21.20.36:767][104]LogModuleManager: Shutting down and abandoning module ArchVisCharacter (318)
[2018.04.17-21.20.36:767][104]LogModuleManager: Shutting down and abandoning module AndroidPermission (316)
[2018.04.17-21.20.36:767][104]LogModuleManager: Shutting down and abandoning module MediaPlayerEditor (312)
[2018.04.17-21.20.36:893][104]LogModuleManager: Shutting down and abandoning module HTML5Networking (310)
[2018.04.17-21.20.36:893][104]LogModuleManager: Shutting down and abandoning module AlembicImporter (308)
[2018.04.17-21.20.36:898][104]LogModuleManager: Shutting down and abandoning module AlembicLibrary (307)
[2018.04.17-21.20.36:898][104]LogModuleManager: Shutting down and abandoning module GeometryCache (306)
[2018.04.17-21.20.36:898][104]LogModuleManager: Shutting down and abandoning module GeometryCacheEd (305)
[2018.04.17-21.20.36:898][104]LogModuleManager: Shutting down and abandoning module SpeedTreeImporter (300)
[2018.04.17-21.20.36:898][104]LogModuleManager: Shutting down and abandoning module PluginBrowser (298)
[2018.04.17-21.20.36:903][104]LogModuleManager: Shutting down and abandoning module MobileLauncherProfileWizard (296)
[2018.04.17-21.20.36:907][104]LogModuleManager: Shutting down and abandoning module VisualStudioSourceCodeAccess (294)
[2018.04.17-21.20.36:907][104]LogModuleManager: Shutting down and abandoning module DesktopPlatform (293)
[2018.04.17-21.20.36:908][104]LogModuleManager: Shutting down and abandoning module UObjectPlugin (290)
[2018.04.17-21.20.36:908][104]LogModuleManager: Shutting down and abandoning module SubversionSourceControl (288)
[2018.04.17-21.20.36:908][104]LogModuleManager: Shutting down and abandoning module PerforceSourceControl (286)
[2018.04.17-21.20.36:908][104]LogModuleManager: Shutting down and abandoning module GitSourceControl (284)
[2018.04.17-21.20.36:908][104]LogModuleManager: Shutting down and abandoning module SourceControl (283)
[2018.04.17-21.20.36:917][104]LogModuleManager: Shutting down and abandoning module LightPropagationVolumeEditor (280)
[2018.04.17-21.20.36:917][104]LogModuleManager: Shutting down and abandoning module PaperTiledImporter (278)
[2018.04.17-21.20.36:917][104]LogModuleManager: Shutting down and abandoning module PaperSpriteSheetImporter (276)
[2018.04.17-21.20.36:917][104]LogModuleManager: Shutting down and abandoning module Paper2DEditor (274)
[2018.04.17-21.20.36:917][104]LogModuleManager: Shutting down and abandoning module MeshPaint (273)
[2018.04.17-21.20.36:917][104]LogModuleManager: Shutting down and abandoning module LevelEditor (271)
[2018.04.17-21.20.36:918][104]LogModuleManager: Shutting down and abandoning module PixelInspectorModule (270)
[2018.04.17-21.20.36:918][104]LogModuleManager: Shutting down and abandoning module MainFrame (268)
[2018.04.17-21.20.36:918][104]LogModuleManager: Shutting down and abandoning module HotReload (267)
[2018.04.17-21.20.36:918][104]LogDirectoryWatcher: A directory notification for 'C:/Users/James/Desktop/ProjectPassionFruit/ProjectPassionFruit/Binaries/Win64' was aborted.
[2018.04.17-21.20.36:919][104]LogModuleManager: Shutting down and abandoning module ProjectPassionFruit (262)
[2018.04.17-21.20.36:919][104]LogModuleManager: Shutting down and abandoning module RuntimePhysXCooking (260)
[2018.04.17-21.20.36:919][104]LogModuleManager: Shutting down and abandoning module PhysXVehiclesEditor (258)
[2018.04.17-21.20.36:919][104]LogModuleManager: Shutting down and abandoning module PhysXVehicles (256)
[2018.04.17-21.20.36:919][104]LogModuleManager: Shutting down and abandoning module OculusEditor (254)
[2018.04.17-21.20.36:919][104]LogModuleManager: Shutting down and abandoning module LocationServicesBPLibrary (252)
[2018.04.17-21.20.36:919][104]LogModuleManager: Shutting down and abandoning module ImmediatePhysicsEditor (250)
[2018.04.17-21.20.36:919][104]LogModuleManager: Shutting down and abandoning module ImmediatePhysics (248)
[2018.04.17-21.20.36:919][104]LogModuleManager: Shutting down and abandoning module UdpMessaging (246)
[2018.04.17-21.20.37:019][104]LogModuleManager: Shutting down and abandoning module TcpMessaging (244)
[2018.04.17-21.20.37:120][104]LogModuleManager: Shutting down and abandoning module GameplayTagsEditor (242)
[2018.04.17-21.20.37:156][104]LogModuleManager: Shutting down and abandoning module FacialAnimationEditor (240)
[2018.04.17-21.20.37:156][104]LogModuleManager: Shutting down and abandoning module FacialAnimation (238)
[2018.04.17-21.20.37:156][104]LogModuleManager: Shutting down and abandoning module AssetManagerEditor (236)
[2018.04.17-21.20.37:156][104]LogModuleManager: Shutting down and abandoning module GraphEditor (235)
[2018.04.17-21.20.37:156][104]LogModuleManager: Shutting down and abandoning module ContentBrowser (233)
[2018.04.17-21.20.37:158][104]LogModuleManager: Shutting down and abandoning module LightPropagationVolumeRuntime (230)
[2018.04.17-21.20.37:158][104]LogModuleManager: Shutting down and abandoning module Paper2D (228)
[2018.04.17-21.20.37:158][104]LogModuleManager: Shutting down and abandoning module WindowsMoviePlayer (226)
[2018.04.17-21.20.37:159][104]LogModuleManager: Shutting down and abandoning module WmfMedia (224)
[2018.04.17-21.20.37:163][104]LogModuleManager: Shutting down and abandoning module PacketHandler (222)
[2018.04.17-21.20.37:163][104]LogModuleManager: Shutting down and abandoning module ClothingSystemEditor (220)
[2018.04.17-21.20.37:163][104]LogModuleManager: Shutting down and abandoning module ClothingSystemRuntime (218)
[2018.04.17-21.20.37:190][104]LogModuleManager: Shutting down and abandoning module Overlay (216)
[2018.04.17-21.20.37:190][104]LogModuleManager: Shutting down and abandoning module OverlayEditor (215)
[2018.04.17-21.20.37:190][104]LogModuleManager: Shutting down and abandoning module MediaAssets (212)
[2018.04.17-21.20.37:190][104]LogModuleManager: Shutting down and abandoning module VREditor (210)
[2018.04.17-21.20.37:205][104]LogModuleManager: Shutting down and abandoning module StringTableEditor (208)
[2018.04.17-21.20.37:205][104]LogModuleManager: Shutting down and abandoning module GameplayTasksEditor (206)
[2018.04.17-21.20.37:205][104]LogModuleManager: Shutting down and abandoning module BehaviorTreeEditor (204)
[2018.04.17-21.20.37:292][104]LogModuleManager: Shutting down and abandoning module FunctionalTesting (202)
[2018.04.17-21.20.37:292][104]LogModuleManager: Shutting down and abandoning module CollisionAnalyzer (200)
[2018.04.17-21.20.37:292][104]LogModuleManager: Shutting down and abandoning module WorkspaceMenuStructure (199)
[2018.04.17-21.20.37:292][104]LogModuleManager: Shutting down and abandoning module UMG (196)
[2018.04.17-21.20.37:303][104]LogModuleManager: Shutting down and abandoning module UMGEditor (195)
[2018.04.17-21.20.37:352][104]LogModuleManager: Shutting down and abandoning module Sequencer (194)
[2018.04.17-21.20.37:416][104]LogModuleManager: Shutting down and abandoning module MessageLog (191)
[2018.04.17-21.20.37:416][104]LogModuleManager: Shutting down and abandoning module SlateReflector (186)
[2018.04.17-21.20.37:465][104]LogModuleManager: Shutting down and abandoning module Slate (184)
[2018.04.17-21.20.37:465][104]LogModuleManager: Shutting down and abandoning module EditorStyle (182)
[2018.04.17-21.20.37:470][104]LogModuleManager: Shutting down and abandoning module MRMesh (180)
[2018.04.17-21.20.37:470][104]LogModuleManager: Shutting down and abandoning module SourceCodeAccess (178)
[2018.04.17-21.20.37:470][104]LogModuleManager: Shutting down and abandoning module HeadMountedDisplay (176)
[2018.04.17-21.20.37:470][104]LogModuleManager: Shutting down and abandoning module XAudio2 (174)
[2018.04.17-21.20.37:471][104]LogModuleManager: Shutting down and abandoning module Networking (172)
[2018.04.17-21.20.37:471][104]LogModuleManager: Shutting down and abandoning module Core (168)
[2018.04.17-21.20.37:471][104]LogModuleManager: Shutting down and abandoning module KismetCompiler (164)
[2018.04.17-21.20.37:471][104]LogModuleManager: Shutting down and abandoning module LevelSequence (162)
[2018.04.17-21.20.37:471][104]LogModuleManager: Shutting down and abandoning module MeshUtilities (160)
[2018.04.17-21.20.37:514][104]LogModuleManager: Shutting down and abandoning module MeshMergeUtilities (159)
[2018.04.17-21.20.37:519][104]LogModuleManager: Shutting down and abandoning module MeshReductionInterface (158)
[2018.04.17-21.20.37:519][104]LogModuleManager: Shutting down and abandoning module SimplygonSwarm (157)
[2018.04.17-21.20.37:531][104]LogModuleManager: Shutting down and abandoning module SimplygonMeshReduction (155)
[2018.04.17-21.20.37:531][104]LogModuleManager: Shutting down and abandoning module QuadricMeshReduction (153)
[2018.04.17-21.20.37:531][104]LogModuleManager: Shutting down and abandoning module MaterialBaking (149)
[2018.04.17-21.20.37:531][104]LogModuleManager: Shutting down and abandoning module DirectoryWatcher (146)
[2018.04.17-21.20.37:532][104]LogModuleManager: Shutting down and abandoning module DerivedDataCache (144)
[2018.04.17-21.20.37:627][104]LogDerivedDataCache: Shutdown
[2018.04.17-21.20.37:627][104]LogModuleManager: Shutting down and abandoning module TargetPlatform (142)
[2018.04.17-21.20.37:627][104]LogModuleManager: Shutting down and abandoning module VulkanShaderFormat (141)
[2018.04.17-21.20.37:627][104]LogModuleManager: Shutting down and abandoning module ShaderFormatVectorVM (139)
[2018.04.17-21.20.37:645][104]LogModuleManager: Shutting down and abandoning module ShaderFormatOpenGL (137)
[2018.04.17-21.20.37:689][104]LogModuleManager: Shutting down and abandoning module ShaderFormatD3D (135)
[2018.04.17-21.20.37:689][104]LogModuleManager: Shutting down and abandoning module MetalShaderFormat (133)
[2018.04.17-21.20.37:731][104]LogModuleManager: Shutting down and abandoning module TextureFormatUncompressed (131)
[2018.04.17-21.20.37:731][104]LogModuleManager: Shutting down and abandoning module TextureFormatPVR (129)
[2018.04.17-21.20.37:731][104]LogModuleManager: Shutting down and abandoning module TextureFormatDXT (127)
[2018.04.17-21.20.37:731][104]LogModuleManager: Shutting down and abandoning module TextureFormatIntelISPCTexComp (125)
[2018.04.17-21.20.37:732][104]LogModuleManager: Shutting down and abandoning module TextureFormatASTC (123)
[2018.04.17-21.20.37:732][104]LogModuleManager: Shutting down and abandoning module ImageWrapper (122)
[2018.04.17-21.20.37:732][104]LogModuleManager: Shutting down and abandoning module TextureFormatAndroid (119)
[2018.04.17-21.20.37:732][104]LogModuleManager: Shutting down and abandoning module AudioFormatOpus (117)
[2018.04.17-21.20.37:732][104]LogModuleManager: Shutting down and abandoning module AudioFormatOgg (115)
[2018.04.17-21.20.37:732][104]LogModuleManager: Shutting down and abandoning module AudioFormatADPCM (113)
[2018.04.17-21.20.37:732][104]LogModuleManager: Shutting down and abandoning module LinuxTargetPlatform (111)
[2018.04.17-21.20.37:732][104]LogModuleManager: Shutting down and abandoning module LinuxServerTargetPlatform (109)
[2018.04.17-21.20.37:732][104]LogModuleManager: Shutting down and abandoning module LinuxNoEditorTargetPlatform (107)
[2018.04.17-21.20.37:732][104]LogModuleManager: Shutting down and abandoning module LinuxClientTargetPlatform (105)
[2018.04.17-21.20.37:732][104]LogModuleManager: Shutting down and abandoning module TVOSTargetPlatform (103)
[2018.04.17-21.20.37:732][104]LogModuleManager: Shutting down and abandoning module Messaging (101)
[2018.04.17-21.20.37:732][104]LogModuleManager: Shutting down and abandoning module IOSTargetPlatform (99)
[2018.04.17-21.20.37:732][104]LogModuleManager: Shutting down and abandoning module HTML5TargetPlatform (97)
[2018.04.17-21.20.37:732][104]LogModuleManager: Shutting down and abandoning module Android_PVRTCTargetPlatform (95)
[2018.04.17-21.20.37:732][104]LogModuleManager: Shutting down and abandoning module Android_MultiTargetPlatform (93)
[2018.04.17-21.20.37:732][104]LogModuleManager: Shutting down and abandoning module Android_ETC2TargetPlatform (91)
[2018.04.17-21.20.37:732][104]LogModuleManager: Shutting down and abandoning module Android_ETC1TargetPlatform (89)
[2018.04.17-21.20.37:732][104]LogModuleManager: Shutting down and abandoning module Android_DXTTargetPlatform (87)
[2018.04.17-21.20.37:732][104]LogModuleManager: Shutting down and abandoning module Android_ATCTargetPlatform (85)
[2018.04.17-21.20.37:732][104]LogModuleManager: Shutting down and abandoning module Android_ASTCTargetPlatform (83)
[2018.04.17-21.20.37:732][104]LogModuleManager: Shutting down and abandoning module AndroidTargetPlatform (81)
[2018.04.17-21.20.37:732][104]LogModuleManager: Shutting down and abandoning module WindowsTargetPlatform (79)
[2018.04.17-21.20.37:732][104]LogModuleManager: Shutting down and abandoning module WindowsServerTargetPlatform (77)
[2018.04.17-21.20.37:732][104]LogModuleManager: Shutting down and abandoning module WindowsNoEditorTargetPlatform (75)
[2018.04.17-21.20.37:732][104]LogModuleManager: Shutting down and abandoning module WindowsClientTargetPlatform (73)
[2018.04.17-21.20.37:732][104]LogModuleManager: Shutting down and abandoning module MacTargetPlatform (71)
[2018.04.17-21.20.37:732][104]LogModuleManager: Shutting down and abandoning module MacServerTargetPlatform (69)
[2018.04.17-21.20.37:732][104]LogModuleManager: Shutting down and abandoning module MacNoEditorTargetPlatform (67)
[2018.04.17-21.20.37:732][104]LogModuleManager: Shutting down and abandoning module MacClientTargetPlatform (65)
[2018.04.17-21.20.37:732][104]LogModuleManager: Shutting down and abandoning module AllDesktopTargetPlatform (63)
[2018.04.17-21.20.37:732][104]LogModuleManager: Shutting down and abandoning module InputCore (60)
[2018.04.17-21.20.37:732][104]LogModuleManager: Shutting down and abandoning module Settings (58)
[2018.04.17-21.20.37:732][104]LogModuleManager: Shutting down and abandoning module PhysXCooking (56)
[2018.04.17-21.20.37:732][104]LogModuleManager: Shutting down and abandoning module SteamVR (54)
[2018.04.17-21.20.37:732][104]LogModuleManager: Shutting down and abandoning module OculusHMD (52)
[2018.04.17-21.20.37:732][104]LogModuleManager: Shutting down and abandoning module ExampleDeviceProfileSelector (50)
[2018.04.17-21.20.37:732][104]LogModuleManager: Shutting down and abandoning module OnlineBlueprintSupport (48)
[2018.04.17-21.20.37:732][104]LogModuleManager: Shutting down and abandoning module OnlineSubsystem (44)
[2018.04.17-21.20.37:732][104]LogOnline: Display: Unloading online subsystem: NULL
[2018.04.17-21.20.37:850][104]LogModuleManager: Shutting down and abandoning module XMPP (43)
[2018.04.17-21.20.37:868][104]LogModuleManager: Shutting down and abandoning module HTTP (41)
[2018.04.17-21.20.37:868][104]LogHttp: Display: Http module shutting down, but needs to wait on 1 outstanding Http requests:
[2018.04.17-21.20.37:868][104]LogHttp: Display: 	verb=[POST] url=[https://datarouter.ol.epicgames.com/datarouter/api/v1/public/data?SessionID=%7B6043B656-4744-75B2-41B6-86893817527B%7D&AppID=UEEditor.Rocket.Release&AppVersion=4.17.2-3658906%2B%2B%2BUE4%2BRelease-4.17&UserID=09bddae043a558aabc6271bcf52463d9%7C1b9bcc5a10c040d0908b8d4313eb3591%7Ce5f335d7-5110-4408-814c-f11c35859ffe&AppEnvironment=datacollector-binary&UploadType=eteventstream] status=Processing
[2018.04.17-21.20.37:878][104]LogModuleManager: Shutting down and abandoning module SSL (40)
[2018.04.17-21.20.37:879][104]LogModuleManager: Shutting down and abandoning module AnimationModifiers (36)
[2018.04.17-21.20.37:879][104]LogModuleManager: Shutting down and abandoning module PropertyEditor (35)
[2018.04.17-21.20.37:879][104]LogModuleManager: Shutting down and abandoning module AudioEditor (32)
[2018.04.17-21.20.37:940][104]LogModuleManager: Shutting down and abandoning module TextureCompressor (30)
[2018.04.17-21.20.37:940][104]LogModuleManager: Shutting down and abandoning module ShaderCore (28)
[2018.04.17-21.20.37:940][104]LogModuleManager: Shutting down and abandoning module Landscape (26)
[2018.04.17-21.20.37:941][104]LogModuleManager: Shutting down and abandoning module SlateRHIRenderer (24)
[2018.04.17-21.20.38:031][104]LogModuleManager: Shutting down and abandoning module OpenGLDrv (22)
[2018.04.17-21.20.38:067][104]LogModuleManager: Shutting down and abandoning module D3D11RHI (20)
[2018.04.17-21.20.38:067][104]LogModuleManager: Shutting down and abandoning module AnimGraphRuntime (18)
[2018.04.17-21.20.38:067][104]LogModuleManager: Shutting down and abandoning module Renderer (16)
[2018.04.17-21.20.38:067][104]LogModuleManager: Shutting down and abandoning module Engine (14)
[2018.04.17-21.20.38:067][104]LogModuleManager: Shutting down and abandoning module CoreUObject (12)
[2018.04.17-21.20.38:067][104]LogModuleManager: Shutting down and abandoning module NetworkFile (10)
[2018.04.17-21.20.38:067][104]LogModuleManager: Shutting down and abandoning module CookedIterativeFile (8)
[2018.04.17-21.20.38:067][104]LogModuleManager: Shutting down and abandoning module StreamingFile (6)
[2018.04.17-21.20.38:067][104]LogModuleManager: Shutting down and abandoning module SandboxFile (4)
[2018.04.17-21.20.38:067][104]LogModuleManager: Shutting down and abandoning module PakFile (2)
[2018.04.17-21.20.38:073][104]LogExit: Exiting.
[2018.04.17-21.20.38:090][104]Log file closed, 04/17/18 22:20:38
